<?xml version="1.0" encoding="UTF-8"?>
<!-- Generated by org.testng.reporters.JUnitReportReporter -->
<testsuite skipped="0" hostname="SurajPC" name="TestCases.DataProviderTest" tests="4" failures="0" timestamp="23 May 2019 22:49:47 GMT" time="11.327" errors="0">
  <testcase name="test" time="2.265" classname="TestCases.DataProviderTest"/>
  <testcase name="test" time="4.297" classname="TestCases.DataProviderTest"/>
  <testcase name="test" time="2.266" classname="TestCases.DataProviderTest"/>
  <testcase name="test" time="2.499" classname="TestCases.DataProviderTest"/>
</testsuite> <!-- TestCases.DataProviderTest -->
