<?xml version="1.0" encoding="UTF-8"?>
<!-- Generated by org.testng.reporters.JUnitReportReporter -->
<testsuite skipped="0" hostname="SurajPC" name="TestCases.DataProviderWithExcelTest" tests="36" failures="0" timestamp="23 May 2019 22:49:47 GMT" time="0.109" errors="0">
  <testcase name="Test2" time="0.000" classname="TestCases.DataProviderWithExcelTest"/>
  <testcase name="Test1" time="0.000" classname="TestCases.DataProviderWithExcelTest"/>
  <testcase name="Test1" time="0.015" classname="TestCases.DataProviderWithExcelTest"/>
  <testcase name="Test2" time="0.000" classname="TestCases.DataProviderWithExcelTest"/>
  <testcase name="Test1" time="0.015" classname="TestCases.DataProviderWithExcelTest"/>
  <testcase name="Test1" time="0.016" classname="TestCases.DataProviderWithExcelTest"/>
  <testcase name="Test1" time="0.000" classname="TestCases.DataProviderWithExcelTest"/>
  <testcase name="Test1" time="0.016" classname="TestCases.DataProviderWithExcelTest"/>
  <testcase name="Test1" time="0.000" classname="TestCases.DataProviderWithExcelTest"/>
  <testcase name="Test2" time="0.015" classname="TestCases.DataProviderWithExcelTest"/>
  <testcase name="Test2" time="0.000" classname="TestCases.DataProviderWithExcelTest"/>
  <testcase name="Test2" time="0.000" classname="TestCases.DataProviderWithExcelTest"/>
  <testcase name="Test1" time="0.000" classname="TestCases.DataProviderWithExcelTest"/>
  <testcase name="Test1" time="0.000" classname="TestCases.DataProviderWithExcelTest"/>
  <testcase name="Test2" time="0.016" classname="TestCases.DataProviderWithExcelTest"/>
  <testcase name="Test1" time="0.000" classname="TestCases.DataProviderWithExcelTest"/>
  <testcase name="Test2" time="0.000" classname="TestCases.DataProviderWithExcelTest"/>
  <testcase name="Test1" time="0.000" classname="TestCases.DataProviderWithExcelTest"/>
  <testcase name="Test2" time="0.000" classname="TestCases.DataProviderWithExcelTest"/>
  <testcase name="Test2" time="0.000" classname="TestCases.DataProviderWithExcelTest"/>
  <testcase name="Test2" time="0.000" classname="TestCases.DataProviderWithExcelTest"/>
  <testcase name="Test2" time="0.000" classname="TestCases.DataProviderWithExcelTest"/>
  <testcase name="Test2" time="0.000" classname="TestCases.DataProviderWithExcelTest"/>
  <testcase name="Test1" time="0.016" classname="TestCases.DataProviderWithExcelTest"/>
  <testcase name="Test1" time="0.000" classname="TestCases.DataProviderWithExcelTest"/>
  <testcase name="Test2" time="0.000" classname="TestCases.DataProviderWithExcelTest"/>
  <testcase name="Test1" time="0.000" classname="TestCases.DataProviderWithExcelTest"/>
  <testcase name="Test1" time="0.000" classname="TestCases.DataProviderWithExcelTest"/>
  <testcase name="Test1" time="0.000" classname="TestCases.DataProviderWithExcelTest"/>
  <testcase name="Test1" time="0.000" classname="TestCases.DataProviderWithExcelTest"/>
  <testcase name="Test2" time="0.000" classname="TestCases.DataProviderWithExcelTest"/>
  <testcase name="Test2" time="0.000" classname="TestCases.DataProviderWithExcelTest"/>
  <testcase name="Test2" time="0.000" classname="TestCases.DataProviderWithExcelTest"/>
  <testcase name="Test2" time="0.000" classname="TestCases.DataProviderWithExcelTest"/>
  <testcase name="Test1" time="0.000" classname="TestCases.DataProviderWithExcelTest"/>
  <testcase name="Test2" time="0.000" classname="TestCases.DataProviderWithExcelTest"/>
</testsuite> <!-- TestCases.DataProviderWithExcelTest -->
